<?xml version="1.0" encoding="UTF-8"?>
<Site BuildName="(empty)"
	BuildStamp="20240605-1133-Experimental"
	Name="jeongtae-B760MZ-E-PRO"
	Generator="ctest-3.22.1"
	CompilerName="/usr/bin/c++"
	CompilerVersion="11.4.0"
	OSName="Linux"
	Hostname="jeongtae-B760MZ-E-PRO"
	OSRelease="6.5.0-35-generic"
	OSVersion="#35~22.04.1-Ubuntu SMP PREEMPT_DYNAMIC Tue May  7 09:00:52 UTC 2"
	OSPlatform="x86_64"
	Is64Bits="1"
	VendorString="GenuineIntel"
	VendorID="Intel Corporation"
	FamilyID="6"
	ModelID="183"
	ProcessorCacheSize="30720"
	NumberOfLogicalCPU="24"
	NumberOfPhysicalCPU="16"
	TotalVirtualMemory="0"
	TotalPhysicalMemory="31858"
	LogicalProcessorsPerPhysical="1"
	ProcessorClockFrequency="4268.5"
	>
	<Testing>
		<StartDateTime>Jun 05 23:02 KST</StartDateTime>
		<StartTestTime>1717596156</StartTestTime>
		<TestList/>
		<EndDateTime>Jun 05 23:02 KST</EndDateTime>
		<EndTestTime>1717596156</EndTestTime>
		<ElapsedMinutes>0</ElapsedMinutes>
	</Testing>
</Site>
